#
# A fatal error has been detected by the Java Runtime Environment:
#
#  Internal Error (javaClasses.cpp:136), pid=2928, tid=2168
#  fatal error: Invalid layout of preloaded class
#
# JRE version:  (7.0_45-b18) (build )
# Java VM: Java HotSpot(TM) Client VM (24.45-b08 mixed mode windows-x86 )
# Failed to write core dump. Minidumps are not enabled by default on client versions of Windows
#
# If you would like to submit a bug report, please visit:
#   http://bugreport.sun.com/bugreport/crash.jsp
#

---------------  T H R E A D  ---------------

Current thread (0x01f02400):  JavaThread "Unknown thread" [_thread_in_vm, id=2168, stack(0x00810000,0x00860000)]

Stack: [0x00810000,0x00860000],  sp=0x0085f508,  free space=317k
Native frames: (J=compiled Java code, j=interpreted, Vv=VM code, C=native code)
V  [jvm.dll+0x18df51]
V  [jvm.dll+0x187cc6]
V  [jvm.dll+0x3586a]
V  [jvm.dll+0x358f6]
V  [jvm.dll+0x4400d]
V  [jvm.dll+0x442be]
V  [jvm.dll+0x9263a]
V  [jvm.dll+0x929eb]
V  [jvm.dll+0x13daf1]
V  [jvm.dll+0x1605fc]
V  [jvm.dll+0xc8ebf]
C  [javaw.exe+0x13ce]
C  [javaw.exe+0x1e40]
C  [javaw.exe+0xa5b1]
C  [javaw.exe+0xa63b]
C  [KERNEL32.dll+0x4ed5c]
C  [ntdll.dll+0x637eb]
C  [ntdll.dll+0x637be]


---------------  P R O C E S S  ---------------

Java Threads: ( => current thread )

Other Threads:

=>0x01f02400 (exited) JavaThread "Unknown thread" [_thread_in_vm, id=2168, stack(0x00810000,0x00860000)]

VM state:not at safepoint (not fully initialized)

VM Mutex/Monitor currently owned by a thread: None

GC Heap History (0 events):
No events

Deoptimization events (0 events):
No events

Internal exceptions (0 events):
No events

Events (10 events):
Event: 0.429 loading class 0x01f26610 done
Event: 0.429 loading class 0x01f260a0 done
Event: 0.429 loading class 0x01f26080
Event: 0.430 loading class 0x01f2d3a8
Event: 0.430 loading class 0x01f2d3a8 done
Event: 0.430 loading class 0x01f2d3d8
Event: 0.430 loading class 0x01f2d3d8 done
Event: 0.430 loading class 0x01f2d408
Event: 0.430 loading class 0x01f2d408 done
Event: 0.431 loading class 0x01f26080 done


Dynamic libraries:
0x008f0000 - 0x0091f000 	C:\Program Files\Java\jdk1.7.0_45\bin\javaw.exe
0x77070000 - 0x771ac000 	C:\Windows\SYSTEM32\ntdll.dll
0x6bed0000 - 0x6bf0c000 	C:\Program Files\AVAST Software\Avast\snxhk.dll
0x75610000 - 0x756e4000 	C:\Windows\system32\KERNEL32.dll
0x75200000 - 0x7524b000 	C:\Windows\system32\KERNELBASE.dll
0x75410000 - 0x754b0000 	C:\Windows\system32\ADVAPI32.dll
0x756f0000 - 0x7579c000 	C:\Windows\system32\msvcrt.dll
0x75c20000 - 0x75c39000 	C:\Windows\SYSTEM32\sechost.dll
0x76cf0000 - 0x76d92000 	C:\Windows\system32\RPCRT4.dll
0x754b0000 - 0x75579000 	C:\Windows\system32\USER32.dll
0x75b10000 - 0x75b5e000 	C:\Windows\system32\GDI32.dll
0x75ea0000 - 0x75eaa000 	C:\Windows\system32\LPK.dll
0x757a0000 - 0x7583d000 	C:\Windows\system32\USP10.dll
0x73ec0000 - 0x7405e000 	C:\Windows\WinSxS\x86_microsoft.windows.common-controls_6595b64144ccf1df_6.0.7601.17514_none_41e6975e2bd6f2b2\COMCTL32.dll
0x75b60000 - 0x75bb7000 	C:\Windows\system32\SHLWAPI.dll
0x74fb0000 - 0x74ffc000 	C:\Windows\system32\apphelp.dll
0x6ba90000 - 0x6bb1d000 	C:\Windows\AppPatch\AcLayers.DLL
0x74f90000 - 0x74fab000 	C:\Windows\system32\SspiCli.dll
0x760a0000 - 0x76cea000 	C:\Windows\system32\SHELL32.dll
0x75f40000 - 0x7609c000 	C:\Windows\system32\ole32.dll
0x75eb0000 - 0x75f3f000 	C:\Windows\system32\OLEAUT32.dll
0x74710000 - 0x74727000 	C:\Windows\system32\USERENV.dll
0x750b0000 - 0x750bb000 	C:\Windows\system32\profapi.dll
0x74640000 - 0x74691000 	C:\Windows\system32\WINSPOOL.DRV
0x6fc20000 - 0x6fc32000 	C:\Windows\system32\MPR.dll
0x59250000 - 0x59468000 	C:\Windows\AppPatch\AcGenral.DLL
0x73ae0000 - 0x73b20000 	C:\Windows\system32\UxTheme.dll
0x72210000 - 0x72242000 	C:\Windows\system32\WINMM.dll
0x73390000 - 0x7339f000 	C:\Windows\system32\samcli.dll
0x73330000 - 0x73344000 	C:\Windows\system32\MSACM32.dll
0x746a0000 - 0x746a9000 	C:\Windows\system32\VERSION.dll
0x70290000 - 0x70293000 	C:\Windows\system32\sfc.dll
0x70280000 - 0x7028d000 	C:\Windows\system32\sfc_os.DLL
0x737b0000 - 0x737c3000 	C:\Windows\system32\dwmapi.dll
0x76da0000 - 0x76f3d000 	C:\Windows\system32\SETUPAPI.dll
0x753d0000 - 0x753f7000 	C:\Windows\system32\CFGMGR32.dll
0x75270000 - 0x75282000 	C:\Windows\system32\DEVOBJ.dll
0x76f40000 - 0x77061000 	C:\Windows\system32\urlmon.dll
0x75290000 - 0x75294000 	C:\Windows\system32\api-ms-win-downlevel-ole32-l1-1-0.dll
0x75400000 - 0x75404000 	C:\Windows\system32\api-ms-win-downlevel-shlwapi-l1-1-0.dll
0x753c0000 - 0x753c5000 	C:\Windows\system32\api-ms-win-downlevel-advapi32-l1-1-0.dll
0x75260000 - 0x75264000 	C:\Windows\system32\api-ms-win-downlevel-user32-l1-1-0.dll
0x751c0000 - 0x751c4000 	C:\Windows\system32\api-ms-win-downlevel-version-l1-1-0.dll
0x75250000 - 0x75253000 	C:\Windows\system32\api-ms-win-downlevel-normaliz-l1-1-0.dll
0x77250000 - 0x77253000 	C:\Windows\system32\normaliz.DLL
0x75840000 - 0x75a38000 	C:\Windows\system32\iertutil.dll
0x75ce0000 - 0x75e98000 	C:\Windows\system32\WININET.dll
0x596b0000 - 0x59909000 	C:\Windows\AppPatch\AcXtrnal.DLL
0x710c0000 - 0x710c6000 	C:\Windows\system32\SHUNIMPL.DLL
0x69ae0000 - 0x69af1000 	C:\Windows\system32\SortWindows6Compat.dll
0x75c40000 - 0x75c5f000 	C:\Windows\system32\IMM32.DLL
0x75a40000 - 0x75b0c000 	C:\Windows\system32\MSCTF.dll
0x689d0000 - 0x68a8f000 	C:\Program Files\Java\jdk1.7.0_45\jre\bin\msvcr100.dll
0x599d0000 - 0x59d50000 	C:\Program Files\Java\jdk1.7.0_45\jre\bin\client\jvm.dll
0x72e20000 - 0x72e27000 	C:\Windows\system32\WSOCK32.dll
0x77260000 - 0x77295000 	C:\Windows\system32\WS2_32.dll
0x75600000 - 0x75606000 	C:\Windows\system32\NSI.dll
0x771b0000 - 0x771b5000 	C:\Windows\system32\PSAPI.DLL
0x69b60000 - 0x69b6c000 	C:\Program Files\Java\jdk1.7.0_45\jre\bin\verify.dll
0x69b30000 - 0x69b50000 	C:\Program Files\Java\jdk1.7.0_45\jre\bin\java.dll
0x705f0000 - 0x7061a000 	C:\Program Files\Java\jdk1.7.0_45\jre\bin\jdwp.dll
0x705e0000 - 0x705e7000 	C:\Program Files\Java\jdk1.7.0_45\jre\bin\npt.dll
0x69ac0000 - 0x69ad3000 	C:\Program Files\Java\jdk1.7.0_45\jre\bin\zip.dll
0x72c10000 - 0x72cfb000 	C:\Windows\system32\dbghelp.dll

VM Arguments:
jvm_args: -agentlib:jdwp=transport=dt_socket,suspend=y,address=localhost:50084 -Dfile.encoding=UTF-8 -Xbootclasspath:D:\Android\sdk\platforms\android-18\android.jar 
java_command: org.ibex.nestedvm.ClassFileCompiler
Launcher Type: SUN_STANDARD

Environment Variables:
JAVA_HOME=C:\Program Files\Java\jdk1.7.0_45
PATH=C:\Program Files\Java\jdk1.7.0_45\jre\bin;C:/Program Files/Java/jre7/bin/client;C:/Program Files/Java/jre7/bin;C:/Program Files/Java/jre7/lib/i386;C:\Program Files\NVIDIA Corporation\PhysX\Common;C:\Windows\system32;C:\Windows;C:\Windows\System32\Wbem;C:\Windows\System32\WindowsPowerShell\v1.0\;C:\Program Files\Git\cmd;D:\Android\sdk\platform-tools;C:\Program Files\Java\jdk1.7.0_45\bin;D:\Android\eclipse;
USERNAME=Volk
OS=Windows_NT
PROCESSOR_IDENTIFIER=x86 Family 15 Model 107 Stepping 1, AuthenticAMD



---------------  S Y S T E M  ---------------

OS: Windows 7 Build 7600 

CPU:total 2 (2 cores per cpu, 1 threads per core) family 15 model 107 stepping 1, cmov, cx8, fxsr, mmx, sse, sse2, sse3, mmxext, 3dnowpref, tsc

Memory: 4k page, physical 2096504k(318128k free), swap 4193008k(1515736k free)

vm_info: Java HotSpot(TM) Client VM (24.45-b08) for windows-x86 JRE (1.7.0_45-b18), built on Oct  8 2013 06:02:43 by "java_re" with unknown MS VC++:1600

time: Tue Mar 11 13:51:08 2014
elapsed time: 0 seconds

