#
# A fatal error has been detected by the Java Runtime Environment:
#
#  Internal Error (javaClasses.cpp:136), pid=1868, tid=1524
#  fatal error: Invalid layout of preloaded class
#
# JRE version:  (7.0_45-b18) (build )
# Java VM: Java HotSpot(TM) Client VM (24.45-b08 mixed mode windows-x86 )
# Failed to write core dump. Minidumps are not enabled by default on client versions of Windows
#
# If you would like to submit a bug report, please visit:
#   http://bugreport.sun.com/bugreport/crash.jsp
#

---------------  T H R E A D  ---------------

Current thread (0x0113f400):  JavaThread "Unknown thread" [_thread_in_vm, id=1524, stack(0x01f10000,0x01f60000)]

Stack: [0x01f10000,0x01f60000],  sp=0x01f5f810,  free space=318k
Native frames: (J=compiled Java code, j=interpreted, Vv=VM code, C=native code)
V  [jvm.dll+0x18df51]
V  [jvm.dll+0x187cc6]
V  [jvm.dll+0x3586a]
V  [jvm.dll+0x358f6]
V  [jvm.dll+0x4400d]
V  [jvm.dll+0x442be]
V  [jvm.dll+0x9263a]
V  [jvm.dll+0x929eb]
V  [jvm.dll+0x13daf1]
V  [jvm.dll+0x1605fc]
V  [jvm.dll+0xc8ebf]
C  [javaw.exe+0x13ce]
C  [javaw.exe+0x1e40]
C  [javaw.exe+0xa5b1]
C  [javaw.exe+0xa63b]
C  [KERNEL32.dll+0x4ed5c]
C  [ntdll.dll+0x637eb]
C  [ntdll.dll+0x637be]


---------------  P R O C E S S  ---------------

Java Threads: ( => current thread )

Other Threads:

=>0x0113f400 (exited) JavaThread "Unknown thread" [_thread_in_vm, id=1524, stack(0x01f10000,0x01f60000)]

VM state:not at safepoint (not fully initialized)

VM Mutex/Monitor currently owned by a thread: None

GC Heap History (0 events):
No events

Deoptimization events (0 events):
No events

Internal exceptions (0 events):
No events

Events (10 events):
Event: 0.014 loading class 0x010050a8 done
Event: 0.015 loading class 0x01004b38 done
Event: 0.015 loading class 0x01004b18
Event: 0.015 loading class 0x0100be40
Event: 0.015 loading class 0x0100be40 done
Event: 0.015 loading class 0x0100be70
Event: 0.015 loading class 0x0100be70 done
Event: 0.015 loading class 0x0100bea0
Event: 0.015 loading class 0x0100bea0 done
Event: 0.015 loading class 0x01004b18 done


Dynamic libraries:
0x01250000 - 0x0127f000 	C:\Program Files\Java\jdk1.7.0_45\bin\javaw.exe
0x77580000 - 0x776bc000 	C:\Windows\SYSTEM32\ntdll.dll
0x6c210000 - 0x6c24c000 	C:\Program Files\AVAST Software\Avast\snxhk.dll
0x76d40000 - 0x76e14000 	C:\Windows\system32\KERNEL32.dll
0x75880000 - 0x758cb000 	C:\Windows\system32\KERNELBASE.dll
0x77320000 - 0x773c0000 	C:\Windows\system32\ADVAPI32.dll
0x76980000 - 0x76a2c000 	C:\Windows\system32\msvcrt.dll
0x776d0000 - 0x776e9000 	C:\Windows\SYSTEM32\sechost.dll
0x76c90000 - 0x76d32000 	C:\Windows\system32\RPCRT4.dll
0x771a0000 - 0x77269000 	C:\Windows\system32\USER32.dll
0x77270000 - 0x772be000 	C:\Windows\system32\GDI32.dll
0x776f0000 - 0x776fa000 	C:\Windows\system32\LPK.dll
0x76bf0000 - 0x76c8d000 	C:\Windows\system32\USP10.dll
0x74400000 - 0x7459e000 	C:\Windows\WinSxS\x86_microsoft.windows.common-controls_6595b64144ccf1df_6.0.7601.17514_none_41e6975e2bd6f2b2\COMCTL32.dll
0x77720000 - 0x77777000 	C:\Windows\system32\SHLWAPI.dll
0x754c0000 - 0x7550c000 	C:\Windows\system32\apphelp.dll
0x6bf10000 - 0x6bf9d000 	C:\Windows\AppPatch\AcLayers.DLL
0x754a0000 - 0x754bb000 	C:\Windows\system32\SspiCli.dll
0x75c90000 - 0x768da000 	C:\Windows\system32\SHELL32.dll
0x76e20000 - 0x76f7c000 	C:\Windows\system32\ole32.dll
0x768e0000 - 0x7696f000 	C:\Windows\system32\OLEAUT32.dll
0x74c20000 - 0x74c37000 	C:\Windows\system32\USERENV.dll
0x755c0000 - 0x755cb000 	C:\Windows\system32\profapi.dll
0x74b50000 - 0x74ba1000 	C:\Windows\system32\WINSPOOL.DRV
0x6fee0000 - 0x6fef2000 	C:\Windows\system32\MPR.dll
0x55000000 - 0x55218000 	C:\Windows\AppPatch\AcGenral.DLL
0x73f60000 - 0x73fa0000 	C:\Windows\system32\UxTheme.dll
0x72650000 - 0x72682000 	C:\Windows\system32\WINMM.dll
0x73740000 - 0x7374f000 	C:\Windows\system32\samcli.dll
0x6c380000 - 0x6c394000 	C:\Windows\system32\MSACM32.dll
0x74bb0000 - 0x74bb9000 	C:\Windows\system32\VERSION.dll
0x6b940000 - 0x6b943000 	C:\Windows\system32\sfc.dll
0x6b930000 - 0x6b93d000 	C:\Windows\system32\sfc_os.DLL
0x73c70000 - 0x73c83000 	C:\Windows\system32\dwmapi.dll
0x77000000 - 0x7719d000 	C:\Windows\system32\SETUPAPI.dll
0x75640000 - 0x75667000 	C:\Windows\system32\CFGMGR32.dll
0x757c0000 - 0x757d2000 	C:\Windows\system32\DEVOBJ.dll
0x76a30000 - 0x76b51000 	C:\Windows\system32\urlmon.dll
0x75680000 - 0x75684000 	C:\Windows\system32\api-ms-win-downlevel-ole32-l1-1-0.dll
0x757e0000 - 0x757e4000 	C:\Windows\system32\api-ms-win-downlevel-shlwapi-l1-1-0.dll
0x75910000 - 0x75915000 	C:\Windows\system32\api-ms-win-downlevel-advapi32-l1-1-0.dll
0x757b0000 - 0x757b4000 	C:\Windows\system32\api-ms-win-downlevel-user32-l1-1-0.dll
0x75670000 - 0x75674000 	C:\Windows\system32\api-ms-win-downlevel-version-l1-1-0.dll
0x758d0000 - 0x758d3000 	C:\Windows\system32\api-ms-win-downlevel-normaliz-l1-1-0.dll
0x776c0000 - 0x776c3000 	C:\Windows\system32\normaliz.DLL
0x75a90000 - 0x75c88000 	C:\Windows\system32\iertutil.dll
0x773c0000 - 0x77578000 	C:\Windows\system32\WININET.dll
0x55eb0000 - 0x56109000 	C:\Windows\AppPatch\AcXtrnal.DLL
0x6b040000 - 0x6b046000 	C:\Windows\system32\SHUNIMPL.DLL
0x6b020000 - 0x6b031000 	C:\Windows\system32\SortWindows6Compat.dll
0x77700000 - 0x7771f000 	C:\Windows\system32\IMM32.DLL
0x75920000 - 0x759ec000 	C:\Windows\system32\MSCTF.dll
0x5a600000 - 0x5a6bf000 	C:\Program Files\Java\jdk1.7.0_45\jre\bin\msvcr100.dll
0x51e10000 - 0x52190000 	C:\Program Files\Java\jdk1.7.0_45\jre\bin\client\jvm.dll
0x73330000 - 0x73337000 	C:\Windows\system32\WSOCK32.dll
0x759f0000 - 0x75a25000 	C:\Windows\system32\WS2_32.dll
0x75a30000 - 0x75a36000 	C:\Windows\system32\NSI.dll
0x76970000 - 0x76975000 	C:\Windows\system32\PSAPI.DLL
0x68f50000 - 0x68f5c000 	C:\Program Files\Java\jdk1.7.0_45\jre\bin\verify.dll
0x68f30000 - 0x68f50000 	C:\Program Files\Java\jdk1.7.0_45\jre\bin\java.dll
0x68f10000 - 0x68f23000 	C:\Program Files\Java\jdk1.7.0_45\jre\bin\zip.dll
0x729e0000 - 0x72acb000 	C:\Windows\system32\dbghelp.dll

VM Arguments:
jvm_args: -Dfile.encoding=UTF-8 -Xbootclasspath:D:\Android\sdk\platforms\android-18\android.jar 
java_command: org.ibex.nestedvm.ClassFileCompiler
Launcher Type: SUN_STANDARD

Environment Variables:
JAVA_HOME=C:\Program Files\Java\jdk1.7.0_45
PATH=C:/Program Files/Java/jre7/bin/client;C:/Program Files/Java/jre7/bin;C:/Program Files/Java/jre7/lib/i386;C:\Program Files\NVIDIA Corporation\PhysX\Common;C:\Windows\system32;C:\Windows;C:\Windows\System32\Wbem;C:\Windows\System32\WindowsPowerShell\v1.0\;C:\Program Files\Git\cmd;D:\Android\sdk\platform-tools;C:\Program Files\Java\jdk1.7.0_45\bin;D:\Android\eclipse;
USERNAME=Volk
OS=Windows_NT
PROCESSOR_IDENTIFIER=x86 Family 15 Model 107 Stepping 1, AuthenticAMD



---------------  S Y S T E M  ---------------

OS: Windows 7 Build 7600 

CPU:total 2 (2 cores per cpu, 1 threads per core) family 15 model 107 stepping 1, cmov, cx8, fxsr, mmx, sse, sse2, sse3, mmxext, 3dnowpref, tsc

Memory: 4k page, physical 2096504k(626752k free), swap 4193008k(2386116k free)

vm_info: Java HotSpot(TM) Client VM (24.45-b08) for windows-x86 JRE (1.7.0_45-b18), built on Oct  8 2013 06:02:43 by "java_re" with unknown MS VC++:1600

time: Wed Mar 12 10:38:01 2014
elapsed time: 0 seconds

